<?xml version="1.0" encoding="UTF-8"?>
<!-- Generated by org.testng.reporters.JUnitReportReporter -->
<testsuite skipped="0" hostname="Sudhir" name="com.test.TestNGTest1" tests="1" failures="0" timestamp="27 Sep 2022 17:37:36 GMT" time="0.029" errors="0">
  <testcase name="logintest" time="0.029" classname="com.test.TestNGTest1"/>
</testsuite> <!-- com.test.TestNGTest1 -->
